2023-04-25 18:04:15,771 INFO org.hibernate.validator.internal.util.Version [background-preinit] HV000001: Hibernate Validator 6.2.3.Final
2023-04-25 18:04:15,779 INFO org.springframework.boot.StartupInfoLogger [restartedMain] Starting BackendApplication using Java 11.0.14 on DESKTOP-2S6U20C with PID 2668 (D:\Java\intellijidea-workspace\backend\target\classes started by P8 in D:\Java\intellijidea-workspace\backend)
2023-04-25 18:04:15,784 INFO org.springframework.boot.SpringApplication [restartedMain] No active profile set, falling back to 1 default profile: "default"
2023-04-25 18:04:15,882 INFO org.springframework.boot.logging.DeferredLog [restartedMain] Devtools property defaults active! Set 'spring.devtools.add-properties' to 'false' to disable
2023-04-25 18:04:15,884 INFO org.springframework.boot.logging.DeferredLog [restartedMain] For additional web related logging consider setting the 'logging.level.web' property to 'DEBUG'
2023-04-25 18:04:17,187 INFO org.springframework.data.repository.config.RepositoryConfigurationDelegate [restartedMain] Bootstrapping Spring Data JPA repositories in DEFAULT mode.
2023-04-25 18:04:17,326 INFO org.springframework.data.repository.config.RepositoryConfigurationDelegate [restartedMain] Finished Spring Data repository scanning in 121 ms. Found 5 JPA repository interfaces.
2023-04-25 18:04:17,818 INFO org.springframework.context.support.PostProcessorRegistrationDelegate$BeanPostProcessorChecker [restartedMain] Bean 'org.springframework.ws.config.annotation.DelegatingWsConfiguration' of type [org.springframework.ws.config.annotation.DelegatingWsConfiguration$$EnhancerBySpringCGLIB$$2604efaa] is not eligible for getting processed by all BeanPostProcessors (for example: not eligible for auto-proxying)
2023-04-25 18:04:17,920 INFO org.springframework.ws.soap.addressing.server.AbstractAddressingEndpointMapping [restartedMain] Supporting [WS-Addressing August 2004, WS-Addressing 1.0]
2023-04-25 18:04:18,466 INFO org.springframework.boot.web.embedded.tomcat.TomcatWebServer [restartedMain] Tomcat initialized with port(s): 8080 (http)
2023-04-25 18:04:18,482 INFO org.apache.juli.logging.DirectJDKLog [restartedMain] Initializing ProtocolHandler ["http-nio-8080"]
2023-04-25 18:04:18,482 INFO org.apache.juli.logging.DirectJDKLog [restartedMain] Starting service [Tomcat]
2023-04-25 18:04:18,483 INFO org.apache.juli.logging.DirectJDKLog [restartedMain] Starting Servlet engine: [Apache Tomcat/9.0.64]
2023-04-25 18:04:18,578 INFO org.apache.juli.logging.DirectJDKLog [restartedMain] Initializing Spring embedded WebApplicationContext
2023-04-25 18:04:18,578 INFO org.springframework.boot.web.servlet.context.ServletWebServerApplicationContext [restartedMain] Root WebApplicationContext: initialization completed in 2691 ms
2023-04-25 18:04:18,780 INFO org.hibernate.jpa.internal.util.LogHelper [restartedMain] HHH000204: Processing PersistenceUnitInfo [name: default]
2023-04-25 18:04:18,901 INFO org.hibernate.Version [restartedMain] HHH000412: Hibernate ORM core version 5.6.9.Final
2023-04-25 18:04:19,188 INFO org.hibernate.annotations.common.reflection.java.JavaReflectionManager [restartedMain] HCANN000001: Hibernate Commons Annotations {5.1.2.Final}
2023-04-25 18:04:19,358 INFO com.zaxxer.hikari.HikariDataSource [restartedMain] backend - Starting...
2023-04-25 18:04:19,867 INFO com.zaxxer.hikari.HikariDataSource [restartedMain] backend - Start completed.
2023-04-25 18:04:19,897 INFO org.hibernate.dialect.Dialect [restartedMain] HHH000400: Using dialect: org.hibernate.dialect.MySQL55Dialect
2023-04-25 18:04:21,231 INFO org.hibernate.engine.transaction.jta.platform.internal.JtaPlatformInitiator [restartedMain] HHH000490: Using JtaPlatform implementation: [org.hibernate.engine.transaction.jta.platform.internal.NoJtaPlatform]
2023-04-25 18:04:21,241 INFO org.springframework.orm.jpa.AbstractEntityManagerFactoryBean [restartedMain] Initialized JPA EntityManagerFactory for persistence unit 'default'
2023-04-25 18:04:21,798 WARN org.springframework.boot.autoconfigure.orm.jpa.JpaBaseConfiguration$JpaWebConfiguration [restartedMain] spring.jpa.open-in-view is enabled by default. Therefore, database queries may be performed during view rendering. Explicitly configure spring.jpa.open-in-view to disable this warning
2023-04-25 18:04:23,110 INFO org.springframework.security.web.DefaultSecurityFilterChain [restartedMain] Will secure any request with [org.springframework.security.web.session.DisableEncodeUrlFilter@333c38c6, org.springframework.security.web.context.request.async.WebAsyncManagerIntegrationFilter@692d5c6b, org.springframework.security.web.context.SecurityContextPersistenceFilter@79ca5a3b, org.springframework.security.web.header.HeaderWriterFilter@7869a6a3, org.springframework.web.filter.CorsFilter@6ff0e370, org.springframework.security.web.authentication.logout.LogoutFilter@1aa9fbfe, com.backend.config.JwtRequestFilter@40567821, org.springframework.security.web.savedrequest.RequestCacheAwareFilter@7d77edfe, org.springframework.security.web.servletapi.SecurityContextHolderAwareRequestFilter@31db3fd2, org.springframework.security.web.authentication.AnonymousAuthenticationFilter@232479cc, org.springframework.security.web.session.SessionManagementFilter@2c84beb, org.springframework.security.web.access.ExceptionTranslationFilter@7dbf7452, org.springframework.security.web.access.intercept.FilterSecurityInterceptor@698eaa74]
2023-04-25 18:04:23,486 WARN org.springframework.boot.devtools.autoconfigure.OptionalLiveReloadServer [restartedMain] Unable to start LiveReload server
2023-04-25 18:04:23,512 INFO org.apache.juli.logging.DirectJDKLog [restartedMain] Starting ProtocolHandler ["http-nio-8080"]
2023-04-25 18:04:23,550 INFO org.springframework.boot.web.embedded.tomcat.TomcatWebServer [restartedMain] Tomcat started on port(s): 8080 (http) with context path ''
2023-04-25 18:04:23,566 INFO org.springframework.boot.StartupInfoLogger [restartedMain] Started BackendApplication in 8.347 seconds (JVM running for 10.581)
2023-04-25 18:04:48,356 INFO org.apache.juli.logging.DirectJDKLog [http-nio-8080-exec-1] Initializing Spring DispatcherServlet 'dispatcherServlet'
2023-04-25 18:04:48,357 INFO org.springframework.web.servlet.FrameworkServlet [http-nio-8080-exec-1] Initializing Servlet 'dispatcherServlet'
2023-04-25 18:04:48,359 INFO org.springframework.web.servlet.FrameworkServlet [http-nio-8080-exec-1] Completed initialization in 2 ms
2023-04-25 18:08:38,877 INFO com.backend.controller.JwtAuthenticationController [http-nio-8080-exec-9] JwtAuthenticationController :: inside generateAuthenticationToken : user name :: jignesh@gmail.com
2023-04-25 18:39:06,297 INFO org.springframework.orm.jpa.AbstractEntityManagerFactoryBean [SpringApplicationShutdownHook] Closing JPA EntityManagerFactory for persistence unit 'default'
2023-04-25 18:39:06,302 INFO com.zaxxer.hikari.HikariDataSource [SpringApplicationShutdownHook] backend - Shutdown initiated...
2023-04-25 18:39:06,315 INFO com.zaxxer.hikari.HikariDataSource [SpringApplicationShutdownHook] backend - Shutdown completed.
